<?xml version="1.0" encoding="UTF-8"?>
<!-- Generated by org.testng.reporters.JUnitXMLReporter -->
<testsuite hostname="SYS0091" ignored="0" name="Bullhorn Application Test Scripts" tests="3" failures="0" timestamp="09 Aug 2018 14:20:07 GMT" time="85.433" errors="0">
  <testcase name="loginTest" time="5.913" classname="com.bullhorn.qa.testscripts.LoginPageTest"/>
  <testcase name="loginTitleTest" time="0.005" classname="com.bullhorn.qa.testscripts.LoginPageTest"/>
  <testcase name="clickFastAddTest" time="35.75" classname="com.bullhorn.qa.testscripts.HomePageTest"/>
</testsuite> <!-- Bullhorn Application Test Scripts -->
