<?xml version="1.0" encoding="UTF-8"?>
<testng-results skipped="0" failed="0" ignored="0" total="1" passed="1">
  <reporter-output>
  </reporter-output>
  <suite name="Default suite" duration-ms="18516" started-at="2018-08-08T14:57:30Z" finished-at="2018-08-08T14:57:49Z">
    <groups>
    </groups>
    <test name="Default test" duration-ms="18516" started-at="2018-08-08T14:57:30Z" finished-at="2018-08-08T14:57:49Z">
      <class name="com.bullhorn.qa.testscripts.LoginPageTest">
        <test-method status="PASS" signature="setUp()[pri:0, instance:com.bullhorn.qa.testscripts.LoginPageTest@3532ec19]" name="setUp" is-config="true" duration-ms="13201" started-at="2018-08-08T14:57:30Z" finished-at="2018-08-08T14:57:44Z">
          <reporter-output>
          </reporter-output>
        </test-method> <!-- setUp -->
        <test-method status="PASS" signature="loginTest()[pri:2, instance:com.bullhorn.qa.testscripts.LoginPageTest@3532ec19]" name="loginTest" duration-ms="5293" started-at="2018-08-08T14:57:44Z" finished-at="2018-08-08T14:57:49Z">
          <reporter-output>
          </reporter-output>
        </test-method> <!-- loginTest -->
        <test-method status="PASS" signature="tearDown()[pri:0, instance:com.bullhorn.qa.testscripts.LoginPageTest@3532ec19]" name="tearDown" is-config="true" duration-ms="1" started-at="2018-08-08T14:57:49Z" finished-at="2018-08-08T14:57:49Z">
          <reporter-output>
          </reporter-output>
        </test-method> <!-- tearDown -->
      </class> <!-- com.bullhorn.qa.testscripts.LoginPageTest -->
    </test> <!-- Default test -->
  </suite> <!-- Default suite -->
</testng-results>
