<?xml version="1.0" encoding="UTF-8"?>
<testng-results skipped="0" failed="0" ignored="0" total="3" passed="3">
  <reporter-output>
  </reporter-output>
  <suite name="BULLHORN Application Test Automation Test Suite" duration-ms="85433" started-at="2018-08-09T14:18:41Z" finished-at="2018-08-09T14:20:06Z">
    <groups>
    </groups>
    <test name="Bullhorn Application Test Scripts" duration-ms="85433" started-at="2018-08-09T14:18:41Z" finished-at="2018-08-09T14:20:06Z">
      <class name="com.bullhorn.qa.testscripts.LoginPageTest">
        <test-method status="PASS" signature="setUp()[pri:0, instance:com.bullhorn.qa.testscripts.LoginPageTest@6093dd95]" name="setUp" is-config="true" duration-ms="13673" started-at="2018-08-09T14:18:41Z" finished-at="2018-08-09T14:18:54Z">
          <reporter-output>
          </reporter-output>
        </test-method> <!-- setUp -->
        <test-method status="PASS" signature="loginTest()[pri:0, instance:com.bullhorn.qa.testscripts.LoginPageTest@6093dd95]" name="loginTest" duration-ms="5913" started-at="2018-08-09T14:18:54Z" finished-at="2018-08-09T14:19:00Z">
          <reporter-output>
          </reporter-output>
        </test-method> <!-- loginTest -->
        <test-method status="PASS" signature="tearDown()[pri:0, instance:com.bullhorn.qa.testscripts.LoginPageTest@6093dd95]" name="tearDown" is-config="true" duration-ms="0" started-at="2018-08-09T14:19:00Z" finished-at="2018-08-09T14:19:00Z">
          <reporter-output>
          </reporter-output>
        </test-method> <!-- tearDown -->
        <test-method status="PASS" signature="setUp()[pri:0, instance:com.bullhorn.qa.testscripts.LoginPageTest@6093dd95]" name="setUp" is-config="true" duration-ms="11390" started-at="2018-08-09T14:19:00Z" finished-at="2018-08-09T14:19:12Z">
          <reporter-output>
          </reporter-output>
        </test-method> <!-- setUp -->
        <test-method status="PASS" signature="loginTitleTest()[pri:0, instance:com.bullhorn.qa.testscripts.LoginPageTest@6093dd95]" name="loginTitleTest" duration-ms="5" started-at="2018-08-09T14:19:12Z" finished-at="2018-08-09T14:19:12Z">
          <reporter-output>
          </reporter-output>
        </test-method> <!-- loginTitleTest -->
        <test-method status="PASS" signature="tearDown()[pri:0, instance:com.bullhorn.qa.testscripts.LoginPageTest@6093dd95]" name="tearDown" is-config="true" duration-ms="0" started-at="2018-08-09T14:19:12Z" finished-at="2018-08-09T14:19:12Z">
          <reporter-output>
          </reporter-output>
        </test-method> <!-- tearDown -->
      </class> <!-- com.bullhorn.qa.testscripts.LoginPageTest -->
      <class name="com.bullhorn.qa.testscripts.HomePageTest">
        <test-method status="PASS" signature="setUp()[pri:0, instance:com.bullhorn.qa.testscripts.HomePageTest@5622fdf]" name="setUp" is-config="true" duration-ms="18674" started-at="2018-08-09T14:19:12Z" finished-at="2018-08-09T14:19:30Z">
          <reporter-output>
          </reporter-output>
        </test-method> <!-- setUp -->
        <test-method status="PASS" signature="clickFastAddTest()[pri:0, instance:com.bullhorn.qa.testscripts.HomePageTest@5622fdf]" name="clickFastAddTest" duration-ms="35750" started-at="2018-08-09T14:19:30Z" finished-at="2018-08-09T14:20:06Z">
          <reporter-output>
          </reporter-output>
        </test-method> <!-- clickFastAddTest -->
        <test-method status="PASS" signature="tearDown()[pri:0, instance:com.bullhorn.qa.testscripts.HomePageTest@5622fdf]" name="tearDown" is-config="true" duration-ms="1" started-at="2018-08-09T14:20:06Z" finished-at="2018-08-09T14:20:06Z">
          <reporter-output>
          </reporter-output>
        </test-method> <!-- tearDown -->
      </class> <!-- com.bullhorn.qa.testscripts.HomePageTest -->
    </test> <!-- Bullhorn Application Test Scripts -->
  </suite> <!-- BULLHORN Application Test Automation Test Suite -->
</testng-results>
